Build started 29/01/2016 17:57:19.
     1>Project "H:\Year Two\IMAT2605 - Object-Oriented Design and Development with C++\Coursework\cargame\cargame\cargame.vcxproj" on node 2 (Build target(s)).
     1>ClCompile:
         C:\Program Files (x86)\Microsoft Visual Studio 12.0\VC\bin\CL.exe /c /Zi /nologo /W3 /WX- /sdl /O2 /Ob0 /Oi /Ot /Oy- /GL /D _MBCS /Gm- /EHsc /MD /GS /Gy /fp:fast /Zc:wchar_t /Zc:forScope /Fo"Release\\" /Fd"Release\vc120.pdb" /Gd /TP /analyze- /errorReport:prompt src\car.cpp src\circle.cpp src\collidable.cpp src\main.cpp src\obb.cpp src\utilities.cpp
         car.cpp
         circle.cpp
         collidable.cpp
         main.cpp
     1>src\main.cpp(43): warning C4244: 'argument' : conversion from 'int' to 'float', possible loss of data
     1>src\main.cpp(45): warning C4244: 'argument' : conversion from 'int' to 'float', possible loss of data
     1>src\main.cpp(127): warning C4390: ';' : empty controlled statement found; is this the intent?
         obb.cpp
         utilities.cpp
       Link:
         C:\Program Files (x86)\Microsoft Visual Studio 12.0\VC\bin\link.exe /ERRORREPORT:PROMPT /OUT:"H:\Year Two\IMAT2605 - Object-Oriented Design and Development with C++\Coursework\cargame\Release\cargame.exe" /NOLOGO "sfml-graphics.lib" "sfml-system.lib" "sfml-window.lib" "sfml-main.lib" kernel32.lib user32.lib gdi32.lib winspool.lib comdlg32.lib advapi32.lib shell32.lib ole32.lib oleaut32.lib uuid.lib odbc32.lib odbccp32.lib kernel32.lib user32.lib gdi32.lib winspool.lib comdlg32.lib advapi32.lib shell32.lib ole32.lib oleaut32.lib uuid.lib odbc32.lib odbccp32.lib /MANIFEST /MANIFESTUAC:"level='asInvoker' uiAccess='false'" /manifest:embed /DEBUG /PDB:"H:\Year Two\IMAT2605 - Object-Oriented Design and Development with C++\Coursework\cargame\Release\cargame.pdb" /OPT:REF /OPT:ICF /LTCG /TLBID:1 /DYNAMICBASE /NXCOMPAT /IMPLIB:"H:\Year Two\IMAT2605 - Object-Oriented Design and Development with C++\Coursework\cargame\Release\cargame.lib" /MACHINE:X86 /SAFESEH Release\car.obj
         Release\circle.obj
         Release\collidable.obj
         Release\utilities.obj
         Release\main.obj
         Release\obb.obj
         Generating code
         Finished generating code
         cargame.vcxproj -> H:\Year Two\IMAT2605 - Object-Oriented Design and Development with C++\Coursework\cargame\Release\cargame.exe
     1>Done Building Project "H:\Year Two\IMAT2605 - Object-Oriented Design and Development with C++\Coursework\cargame\cargame\cargame.vcxproj" (Build target(s)).

Build succeeded.

Time Elapsed 00:00:05.43
